/*C1*/SET SCHEMA PUBLIC
CONNECT USER SA
SET AUTOCOMMIT FALSE
SET AUTOCOMMIT TRUE
DROP TABLE IF EXISTS BUSINESS_AREA\u000a
\u000aDROP TABLE IF EXISTS BUSINESS_AREA_BRAND\u000a
\u000aDROP TABLE IF EXISTS BUSINESS_AREA_ORGANISATION\u000a
\u000aDROP TABLE IF EXISTS DRAFT_DOCUMENT_DELETION_RULE\u000a
\u000aDROP TABLE IF EXISTS GEOGRAPHICAL_AREA\u000a
\u000aDROP TABLE IF EXISTS GEOGRAPHICAL_REGION\u000a
\u000aDROP TABLE IF EXISTS GEOGRAPHICAL_STRUCTURE_CATEGORY\u000a
\u000aDROP TABLE IF EXISTS KPI\u000a
\u000aDROP TABLE IF EXISTS KPI_BRAND\u000a
\u000aDROP TABLE IF EXISTS KPI_BUSINESS_AREA\u000a
\u000aDROP TABLE IF EXISTS KPI_BUSINESS_RULE\u000a
\u000aDROP TABLE IF EXISTS KPI_CATEGORY\u000a
\u000aDROP TABLE IF EXISTS MESSAGE_BOARD_NOTIFICATION_RULE\u000a
\u000aDROP TABLE IF EXISTS MESSAGE_BOARD_NOTIFICATION_RULE_RECIPIENT\u000a
\u000aDROP TABLE IF EXISTS ORGANISATION\u000a
\u000aDROP TABLE IF EXISTS ORGANISATION_BRAND\u000a
\u000aDROP TABLE IF EXISTS ORGANISATION_FUNCTION\u000a
\u000aDROP TABLE IF EXISTS ORGANISATION_LEVEL\u000a
\u000aDROP TABLE IF EXISTS POSITION_BRAND\u000a
\u000aDROP TABLE IF EXISTS POSITIONS\u000a
\u000aDROP TABLE IF EXISTS SHARING_RULE\u000a
\u000aDROP TABLE IF EXISTS STANDARD_TOPIC\u000a
\u000aDROP TABLE IF EXISTS STANDARD_TOPIC_BRAND\u000a
\u000aDROP TABLE IF EXISTS STANDARD_TOPIC_BUSINESS_AREA\u000a
\u000aDROP TABLE IF EXISTS STANDARD_TOPIC_REF\u000a
\u000aDROP TABLE IF EXISTS USER_PROFILE\u000a
\u000aDROP TABLE IF EXISTS USER_PROFILE_FUNCTION\u000a
\u000aCREATE TABLE BUSINESS_AREA\u000a(\u000a\u0009ID INTEGER GENERATED BY DEFAULT AS IDENTITY NOT NULL ,\u000a\u0009NAME VARCHAR(100) NOT NULL,\u000a\u0009CREATED_BY VARCHAR(50) NOT NULL,\u000a\u0009CREATED_DATE DATETIME NOT NULL,\u000a\u0009MODIFIED_BY VARCHAR(50),\u000a\u0009MODIFIED_DATE DATETIME,\u000a\u0009PRIMARY KEY (ID)\u000a) \u000a
\u000aCREATE TABLE BUSINESS_AREA_BRAND\u000a(\u000a\u0009BUSINESS_AREA_ID INTEGER NOT NULL,\u000a\u0009BRAND_ID INTEGER NOT NULL,\u000a\u0009PRIMARY KEY (BUSINESS_AREA_ID, BRAND_ID)\u000a) \u000a
\u000aCREATE TABLE BUSINESS_AREA_ORGANISATION\u000a(\u000a\u0009BUSINESS_AREA_ID INTEGER NOT NULL,\u000a\u0009ORGANISATION_ID INTEGER NOT NULL,\u000a\u0009PRIMARY KEY (BUSINESS_AREA_ID, ORGANISATION_ID)\u000a) \u000a
\u000aCREATE TABLE DRAFT_DOCUMENT_DELETION_RULE\u000a(\u000a\u0009ID INTEGER GENERATED BY DEFAULT AS IDENTITY NOT NULL ,\u000a\u0009ORGANISATION_ID INTEGER NOT NULL,\u000a\u0009BRAND_ID INTEGER,\u000a\u0009DOCUMENT_TYPE INTEGER NOT NULL,\u000a\u0009DELETION_DAYS SMALLINT NOT NULL,\u000a\u0009CREATED_BY VARCHAR(50) NOT NULL,\u000a\u0009CREATED_DATE DATETIME NOT NULL,\u000a\u0009MODIFIED_BY VARCHAR(50),\u000a\u0009MODIFIED_DATE DATETIME,\u000a\u0009PRIMARY KEY (ID)\u000a) \u000a
\u000aCREATE TABLE GEOGRAPHICAL_AREA\u000a(\u000a\u0009ID INTEGER GENERATED BY DEFAULT AS IDENTITY NOT NULL ,\u000a\u0009DESCRIPTION VARCHAR(100) NOT NULL,\u000a\u0009GEOGRAPHICAL_REGION_ID INTEGER NOT NULL,\u000a\u0009CREATED_BY VARCHAR(50) NOT NULL,\u000a\u0009CREATED_DATE DATETIME NOT NULL,\u000a\u0009MODIFIED_BY VARCHAR(50),\u000a\u0009MODIFIED_DATE DATETIME,\u000a\u0009PRIMARY KEY (ID)\u000a) \u000a
\u000aCREATE TABLE GEOGRAPHICAL_REGION\u000a(\u000a\u0009ID INTEGER GENERATED BY DEFAULT AS IDENTITY NOT NULL,\u000a\u0009DESCRIPTION VARCHAR(100) NOT NULL,\u000a\u0009GEOGRAPHICAL_STRUCTURE_CATEGORY_ID INTEGER NOT NULL,\u000a\u0009CREATED_BY VARCHAR(50) NOT NULL,\u000a\u0009CREATED_DATE DATETIME NOT NULL,\u000a\u0009MODIFIED_BY VARCHAR(50),\u000a\u0009MODIFIED_DATE DATETIME,\u000a\u0009PRIMARY KEY (ID)\u000a) \u000a
\u000aCREATE TABLE GEOGRAPHICAL_STRUCTURE_CATEGORY\u000a(\u000a\u0009ID INTEGER GENERATED BY DEFAULT AS IDENTITY NOT NULL,\u000a\u0009ORGANISATION_ID INTEGER NOT NULL,\u000a\u0009BRAND_ID INTEGER,\u000a\u0009NAME VARCHAR(50) NOT NULL,\u000a\u0009IS_DEFAULT TINYINT,\u000a\u0009CREATED_BY VARCHAR(50) NOT NULL,\u000a\u0009CREATED_DATE DATETIME NOT NULL,\u000a\u0009MODIFIED_BY VARCHAR(50),\u000a\u0009MODIFIED_DATE DATETIME,\u000a\u0009PRIMARY KEY (ID)\u000a) \u000a
\u000aCREATE TABLE KPI\u000a(\u000a\u0009ID BIGINT GENERATED BY DEFAULT AS IDENTITY NOT NULL,\u000a\u0009ORGANISATION_ID INTEGER NOT NULL,\u000a\u0009KPI_CATEGORY_ID INTEGER,\u000a\u0009KPI_DESCRIPTION VARCHAR(100) NOT NULL,\u000a\u0009EFFECTIVE_START_DATE DATE NOT NULL,\u000a\u0009EFFECTIVE_END_DATE DATE NOT NULL,\u000a\u0009STATUS INTEGER,\u000a\u0009CREATED_BY VARCHAR(50) NOT NULL,\u000a\u0009CREATED_DATE DATETIME NOT NULL,\u000a\u0009MODIFIED_BY VARCHAR(50),\u000a\u0009MODIFIED_DATE DATE,\u000a\u0009NEW_STATUS INTEGER,\u000a\u0009NEW_STATUS_EFFECTIVE_DATE DATE,\u000a\u0009IS_PERCENTAGE TINYINT,\u000a\u0009DISPLAY_SEQUENCE SMALLINT,\u000a\u0009PRIMARY KEY (ID)\u000a) \u000a
\u000aCREATE TABLE KPI_BRAND\u000a(\u000a\u0009ID BIGINT GENERATED BY DEFAULT AS IDENTITY NOT NULL,\u000a\u0009KPI_ID BIGINT NOT NULL,\u000a\u0009BRAND_ID INTEGER NOT NULL,\u000a\u0009BENCHMARK_FIGURE FLOAT(4) NOT NULL,\u000a\u0009PRIMARY KEY (ID)\u000a) \u000a
\u000aCREATE TABLE KPI_BUSINESS_AREA\u000a(\u000a\u0009KPI_ID BIGINT NOT NULL,\u000a\u0009BUSINESS_AREA_ID INTEGER NOT NULL,\u000a\u0009PRIMARY KEY (KPI_ID, BUSINESS_AREA_ID)\u000a) \u000a
\u000aCREATE TABLE KPI_BUSINESS_RULE\u000a(\u000a\u0009ID INTEGER NOT NULL,\u000a\u0009KPI_ID BIGINT NOT NULL,\u000a\u0009BRAND_ID INTEGER,\u000a\u0009BUSINESS_RULE VARCHAR(100) NOT NULL,\u000a\u0009VARIANCE_COLOUR INTEGER,\u000a\u0009CREATED_BY VARCHAR(50) NOT NULL,\u000a\u0009CREATED_DATE DATETIME NOT NULL,\u000a\u0009MODIFIED_BY VARCHAR(50),\u000a\u0009MODIFIED_DATE DATETIME,\u000a\u0009PRIMARY KEY (ID)\u000a) \u000a
\u000aCREATE TABLE KPI_CATEGORY\u000a(\u000a\u0009ID INTEGER GENERATED BY DEFAULT AS IDENTITY NOT NULL ,\u000a\u0009NAME VARCHAR(50) NOT NULL,\u000a\u0009DESCRIPTION VARCHAR(100) NOT NULL,\u000a\u0009CREATED_BY VARCHAR(50) NOT NULL,\u000a\u0009CREATED_DATE DATETIME NOT NULL,\u000a\u0009MODIFIED_BY VARCHAR(50),\u000a\u0009MODIFIED_DATE DATETIME,\u000a\u0009PRIMARY KEY (ID)\u000a) \u000a
\u000aCREATE TABLE MESSAGE_BOARD_NOTIFICATION_RULE\u000a(\u000a\u0009ID BIGINT GENERATED BY DEFAULT AS IDENTITY NOT NULL,\u000a\u0009NOTIFICATION_TYPE INTEGER NOT NULL,\u000a\u0009ORGANISATION_ID INTEGER,\u000a\u0009BRAND_ID INTEGER,\u000a\u0009ITEM_TYPE INTEGER NOT NULL,\u000a\u0009BUSINESS_RULE VARCHAR(255) NOT NULL,\u000a\u0009NOTIFICATION_DESCRIPTION VARCHAR(255) NOT NULL,\u000a\u0009STATUS INTEGER,\u000a\u0009VISIBILITY_TIMING_RULE VARCHAR(255) NOT NULL,\u000a\u0009CREATED_BY VARCHAR(50) NOT NULL,\u000a\u0009CREATED_DATE DATETIME NOT NULL,\u000a\u0009MODIFIED_BY VARCHAR(50),\u000a\u0009MODIFIED_DATE DATETIME,\u000a\u0009PRIMARY KEY (ID)\u000a) \u000a
\u000aCREATE TABLE MESSAGE_BOARD_NOTIFICATION_RULE_RECIPIENT\u000a(\u000a\u0009MESSAGE_BOARD_NOTIFICATION_RULE_ID BIGINT NOT NULL,\u000a\u0009RECIPIENT_USER_ID VARCHAR(50) NOT NULL,\u000a\u0009PRIMARY KEY (MESSAGE_BOARD_NOTIFICATION_RULE_ID, RECIPIENT_USER_ID)\u000a) \u000a
\u000aCREATE TABLE ORGANISATION\u000a(\u000a\u0009ID INTEGER GENERATED BY DEFAULT AS IDENTITY NOT NULL,\u000a\u0009NAME VARCHAR(50) NOT NULL,\u000a\u0009CREATED_BY VARCHAR(50) NOT NULL,\u000a\u0009CREATED_DATE DATETIME NOT NULL,\u000a\u0009MODIFIED_BY VARCHAR(50),\u000a\u0009MODIFIED_DATE DATETIME,\u000a\u0009PRIMARY KEY (ID)\u000a) \u000a
\u000aCREATE TABLE ORGANISATION_BRAND\u000a(\u000a\u0009ORGANISATION_ID INTEGER NOT NULL,\u000a\u0009BRAND_ID INTEGER NOT NULL,\u000a\u0009PRIMARY KEY (ORGANISATION_ID, BRAND_ID)\u000a) \u000a
\u000aCREATE TABLE ORGANISATION_FUNCTION\u000a(\u000a\u0009ID INTEGER GENERATED BY DEFAULT AS IDENTITY NOT NULL,\u000a\u0009ORGANISATION_ID INTEGER NOT NULL,\u000a\u0009BRAND_ID INTEGER,\u000a\u0009FUNCTION INTEGER NOT NULL,\u000a\u0009PRIMARY KEY (ID)\u000a) \u000a
\u000aCREATE TABLE ORGANISATION_LEVEL\u000a(\u000a\u0009ORGANISATION_ID INTEGER NOT NULL,\u000a\u0009LEVEL INTEGER NOT NULL,\u000a\u0009PRIMARY KEY (ORGANISATION_ID, LEVEL)\u000a) \u000a
\u000aCREATE TABLE POSITION_BRAND\u000a(\u000a\u0009POSITION_ID INTEGER NOT NULL,\u000a\u0009BRAND_ID INTEGER NOT NULL,\u000a\u0009PRIMARY KEY (POSITION_ID, BRAND_ID)\u000a) \u000a
\u000aCREATE TABLE POSITIONS\u000a(\u000a\u0009ID INTEGER GENERATED BY DEFAULT AS IDENTITY NOT NULL,\u000a\u0009DESCRIPTION VARCHAR(100) NOT NULL,\u000a\u0009IS_DISABLED TINYINT NOT NULL,\u000a\u0009VISIBLE_WITHIN_CONTACT_SCREEN TINYINT NOT NULL,\u000a\u0009LEVEL INTEGER NOT NULL,\u000a\u0009POSITION_SEQUENCE INTEGER,\u000a\u0009ORGANISATION_ID INTEGER NOT NULL,\u000a\u0009CREATED_BY VARCHAR(50) NOT NULL,\u000a\u0009CREATED_DATE DATETIME NOT NULL,\u000a\u0009MODIFIED_BY VARCHAR(50),\u000a\u0009MODIFIED_DATE DATETIME,\u000a\u0009BRANDCODE INTEGER NOT NULL,\u000a\u0009PRIMARY KEY (ID)\u000a) \u000a
\u000aCREATE TABLE SHARING_RULE\u000a(\u000a\u0009ID INTEGER GENERATED BY DEFAULT AS IDENTITY NOT NULL,\u000a\u0009ROOT_ORGANISATION_ID INTEGER NOT NULL,\u000a\u0009ROOT_BRAND_ID INTEGER,\u000a\u0009TARGET_ORGANISATION_ID INTEGER NOT NULL,\u000a\u0009TARGET_BRAND_ID INTEGER,\u000a\u0009PRIMARY KEY (ID)\u000a) \u000a
\u000aCREATE TABLE STANDARD_TOPIC\u000a(\u000a\u0009ID INTEGER GENERATED BY DEFAULT AS IDENTITY NOT NULL,\u000a\u0009ORGANISATION_ID INTEGER,\u000a\u0009STANDARD_TOPIC_REF_ID INTEGER NOT NULL,\u000a\u0009STANDARD_TOPIC_REF_TYPE INTEGER NOT NULL,\u000a\u0009EFFECTIVE_START_DATE DATE NOT NULL,\u000a\u0009EFFECTIVE_END_DATE DATE,\u000a\u0009CREATED_BY VARCHAR(50) NOT NULL,\u000a\u0009CREATED_DATE DATETIME NOT NULL,\u000a\u0009MODIFIED_BY VARCHAR(50),\u000a\u0009MODIFIED_DATE DATETIME,\u000a\u0009PRIMARY KEY (ID)\u000a) \u000a
\u000aCREATE TABLE STANDARD_TOPIC_BRAND\u000a(\u000a\u0009STANDARD_TOPIC_ID INTEGER NOT NULL,\u000a\u0009BRAND_ID INTEGER NOT NULL,\u000a\u0009PRIMARY KEY (STANDARD_TOPIC_ID, BRAND_ID)\u000a) \u000a
\u000aCREATE TABLE STANDARD_TOPIC_BUSINESS_AREA\u000a(\u000a\u0009STANDARD_TOPIC_ID INTEGER NOT NULL,\u000a\u0009BUSINESS_AREA_ID INTEGER NOT NULL,\u000a\u0009PRIMARY KEY (STANDARD_TOPIC_ID, BUSINESS_AREA_ID)\u000a) \u000a
\u000aCREATE TABLE STANDARD_TOPIC_REF\u000a(\u000a\u0009ID INTEGER GENERATED BY DEFAULT AS IDENTITY NOT NULL,\u000a\u0009TITLE VARCHAR(50) NOT NULL,\u000a\u0009DESCRIPTION VARCHAR(255) NOT NULL,\u000a\u0009CREATED_BY VARCHAR(50) NOT NULL,\u000a\u0009CREATED_DATE DATETIME NOT NULL,\u000a\u0009MODIFIED_BY VARCHAR(50),\u000a\u0009MODIFIED_DATE DATETIME,\u000a\u0009PRIMARY KEY (ID)\u000a) \u000a
\u000aCREATE TABLE USER_PROFILE\u000a(\u000a\u0009ID INTEGER GENERATED BY DEFAULT AS IDENTITY NOT NULL,\u000a\u0009NAME VARCHAR(50) NOT NULL,\u000a\u0009CREATED_BY VARCHAR(50) NOT NULL,\u000a\u0009CREATED_DATE DATETIME NOT NULL,\u000a\u0009MODIFIED_BY VARCHAR(50),\u000a\u0009MODIFIED_DATE DATETIME,\u000a\u0009PRIMARY KEY (ID)\u000a) \u000a
\u000aCREATE TABLE USER_PROFILE_FUNCTION\u000a(\u000a\u0009PROFILE_ID INTEGER NOT NULL,\u000a\u0009FUNCTION INTEGER NOT NULL,\u000a\u0009PRIMARY KEY (PROFILE_ID, FUNCTION)\u000a) \u000a
\u000aALTER TABLE BUSINESS_AREA_BRAND ADD CONSTRAINT FK_BUSINESS_AREA_BRAND_BUSINESS_AREA \u000a\u0009FOREIGN KEY (BUSINESS_AREA_ID) REFERENCES BUSINESS_AREA (ID)\u000a
\u000aALTER TABLE BUSINESS_AREA_ORGANISATION ADD CONSTRAINT FK_BUSINESS_AREA_ORGANISATION_BUSINESS_AREA \u000a\u0009FOREIGN KEY (BUSINESS_AREA_ID) REFERENCES BUSINESS_AREA (ID)\u000a
\u000aALTER TABLE BUSINESS_AREA_ORGANISATION ADD CONSTRAINT FK_BUSINESS_AREA_ORGANISATION_ORGANISATION \u000a\u0009FOREIGN KEY (ORGANISATION_ID) REFERENCES ORGANISATION (ID)\u000a
\u000aALTER TABLE DRAFT_DOCUMENT_DELETION_RULE ADD CONSTRAINT FK_DRAFT_DOCUMENT_DELETION_RULE_ORGANISATION \u000a\u0009FOREIGN KEY (ORGANISATION_ID) REFERENCES ORGANISATION (ID)\u000a
\u000aALTER TABLE GEOGRAPHICAL_AREA ADD CONSTRAINT FK_GEOGRAPHICAL_AREA_GEOGRAPHICAL_REGION \u000a\u0009FOREIGN KEY (GEOGRAPHICAL_REGION_ID) REFERENCES GEOGRAPHICAL_REGION (ID)\u000a
\u000aALTER TABLE GEOGRAPHICAL_REGION ADD CONSTRAINT FK_GEOGRAPHICAL_REGION_GEOGRAPHICAL_STRUCTURE_CATEGORY \u000a\u0009FOREIGN KEY (GEOGRAPHICAL_STRUCTURE_CATEGORY_ID) REFERENCES GEOGRAPHICAL_STRUCTURE_CATEGORY (ID)\u000a
\u000aALTER TABLE GEOGRAPHICAL_STRUCTURE_CATEGORY ADD CONSTRAINT FK_GEOGRAPHICAL_STRUCTURE_CATEGORY_ORGANISATION \u000a\u0009FOREIGN KEY (ORGANISATION_ID) REFERENCES ORGANISATION (ID)\u000a
\u000aALTER TABLE KPI ADD CONSTRAINT FK_KPI_KPI_CATEGORY \u000a\u0009FOREIGN KEY (KPI_CATEGORY_ID) REFERENCES KPI_CATEGORY (ID)\u000a
\u000aALTER TABLE KPI ADD CONSTRAINT FK_KPI_ORGANISATION \u000a\u0009FOREIGN KEY (ORGANISATION_ID) REFERENCES ORGANISATION (ID)\u000a
\u000aALTER TABLE POSITIONS ADD CONSTRAINT FK_POSITIONS_ORGANISATION \u000a\u0009FOREIGN KEY (ORGANISATION_ID) REFERENCES ORGANISATION (ID)\u000a
\u000aALTER TABLE POSITIONS ADD CONSTRAINT UC_POSITIONS \u000a\u0009UNIQUE (DESCRIPTION, ORGANISATION_ID, BRANDCODE)
\u000aALTER TABLE KPI_BRAND ADD CONSTRAINT FK_KPI_BRAND_KPI \u000a\u0009FOREIGN KEY (KPI_ID) REFERENCES KPI (ID)\u000a
\u000aALTER TABLE KPI_BUSINESS_AREA ADD CONSTRAINT FK_KPI_BUSINESS_AREA_BUSINESS_AREA \u000a\u0009FOREIGN KEY (BUSINESS_AREA_ID) REFERENCES BUSINESS_AREA (ID)\u000a
\u000aALTER TABLE KPI_BUSINESS_AREA ADD CONSTRAINT FK_KPI_BUSINESS_AREA_KPI \u000a\u0009FOREIGN KEY (KPI_ID) REFERENCES KPI (ID)\u000a
\u000aALTER TABLE KPI_BUSINESS_RULE ADD CONSTRAINT FK_KPI_BUSINESS_RULE_KPI \u000a\u0009FOREIGN KEY (KPI_ID) REFERENCES KPI (ID)\u000a
\u000aALTER TABLE MESSAGE_BOARD_NOTIFICATION_RULE ADD CONSTRAINT FK_MESSAGE_BOARD_NOTIFICATION_RULE_ORGANISATION \u000a\u0009FOREIGN KEY (ORGANISATION_ID) REFERENCES ORGANISATION (ID)\u000a
\u000aALTER TABLE MESSAGE_BOARD_NOTIFICATION_RULE_RECIPIENT ADD CONSTRAINT FK_MESSAGE_BOARD_NOTIFICATION_RULE_RECIPIENT_MESSAGE_BOARD_NOTIFICATION_RULE \u000a\u0009FOREIGN KEY (MESSAGE_BOARD_NOTIFICATION_RULE_ID) REFERENCES MESSAGE_BOARD_NOTIFICATION_RULE (ID)\u000a
\u000aALTER TABLE ORGANISATION_BRAND ADD CONSTRAINT FK_ORGANISATION_BRAND_ORGANISATION \u000a\u0009FOREIGN KEY (ORGANISATION_ID) REFERENCES ORGANISATION (ID)\u000a
\u000aALTER TABLE ORGANISATION_FUNCTION ADD CONSTRAINT FK_ORGANISATION_FUNCTION_ORGANISATION \u000a\u0009FOREIGN KEY (ORGANISATION_ID) REFERENCES ORGANISATION (ID)\u000a
\u000aALTER TABLE ORGANISATION_LEVEL ADD CONSTRAINT FK_ORGANISATION_LEVEL_ORGANISATION \u000a\u0009FOREIGN KEY (ORGANISATION_ID) REFERENCES ORGANISATION (ID)\u000a
\u000aALTER TABLE POSITION_BRAND ADD CONSTRAINT FK_POSITION_BRAND_POSITION \u000a\u0009FOREIGN KEY (POSITION_ID) REFERENCES POSITIONS (ID)\u000a
\u000aALTER TABLE SHARING_RULE ADD CONSTRAINT FK_SHARING_RULE_ORGANISATION \u000a\u0009FOREIGN KEY (ROOT_ORGANISATION_ID) REFERENCES ORGANISATION (ID)\u000a
\u000aALTER TABLE SHARING_RULE ADD CONSTRAINT FK_SHARING_RULE_ORGANISATION2 \u000a\u0009FOREIGN KEY (TARGET_ORGANISATION_ID) REFERENCES ORGANISATION (ID)\u000a
\u000aALTER TABLE STANDARD_TOPIC ADD CONSTRAINT FK_STANDARD_TOPIC_ORGANISATION \u000a\u0009FOREIGN KEY (ORGANISATION_ID) REFERENCES ORGANISATION (ID)\u000a
\u000aALTER TABLE STANDARD_TOPIC ADD CONSTRAINT FK_STANDARD_TOPIC_STANDARD_TOPIC_REF \u000a\u0009FOREIGN KEY (STANDARD_TOPIC_REF_ID) REFERENCES STANDARD_TOPIC_REF (ID)\u000a
\u000aALTER TABLE STANDARD_TOPIC_BRAND ADD CONSTRAINT FK_STANDARD_TOPIC_BRAND_STANDARD_TOPIC \u000a\u0009FOREIGN KEY (STANDARD_TOPIC_ID) REFERENCES STANDARD_TOPIC (ID)\u000a
\u000aALTER TABLE STANDARD_TOPIC_BUSINESS_AREA ADD CONSTRAINT FK_STANDARD_TOPIC_BUSINESS_AREA_BUSINESS_AREA \u000a\u0009FOREIGN KEY (BUSINESS_AREA_ID) REFERENCES BUSINESS_AREA (ID)\u000a
\u000aALTER TABLE STANDARD_TOPIC_BUSINESS_AREA ADD CONSTRAINT FK_STANDARD_TOPIC_BUSINESS_AREA_STANDARD_TOPIC \u000a\u0009FOREIGN KEY (STANDARD_TOPIC_ID) REFERENCES STANDARD_TOPIC (ID)\u000a
\u000aALTER TABLE USER_PROFILE_FUNCTION ADD CONSTRAINT FK_USER_PROFILE_FUNCTION_USER_PROFILE \u000a\u0009FOREIGN KEY (PROFILE_ID) REFERENCES USER_PROFILE (ID)\u000a
\u000aDROP TABLE IF EXISTS ADDRESS\u000a
\u000aDROP TABLE IF EXISTS DEALER_KPI_ACTUAL\u000a
\u000aDROP TABLE IF EXISTS DEALER_KPI_TARGET\u000a
\u000aDROP TABLE IF EXISTS DEALERSHIP\u000a
\u000aDROP TABLE IF EXISTS DEALERSHIP_BUSINESS_AREA\u000a
\u000aDROP TABLE IF EXISTS DEALERSHIP_GEOGRAPHICAL_STRUCTURE_AREA\u000a
\u000aDROP TABLE IF EXISTS FRANCHISE_GROUP\u000a
\u000aDROP TABLE IF EXISTS FRANCHISE_GROUP_BRAND\u000a
\u000aDROP TABLE IF EXISTS KPI_SCORE_FILE\u000a
\u000aCREATE TABLE ADDRESS\u000a(\u000a\u0009ID BIGINT GENERATED BY DEFAULT AS IDENTITY NOT NULL,\u000a\u0009ADDRESS_TYPE INTEGER NOT NULL,\u000a\u0009HOUSE_NUMBER SMALLINT,\u000a\u0009HOUSE_NAME VARCHAR(200),\u000a\u0009STREET_NAME1 VARCHAR(150) NOT NULL,\u000a\u0009STREET_NAME2 VARCHAR(150),\u000a\u0009TOWN VARCHAR(100),\u000a\u0009DISTRICT VARCHAR(100),\u000a\u0009COUNTY VARCHAR(100),\u000a\u0009POST_CODE VARCHAR(20) NOT NULL,\u000a\u0009COUNTRY VARCHAR(50),\u000a\u0009PRIMARY KEY (ID)\u000a) \u000a
\u000aCREATE TABLE DEALER_KPI_ACTUAL\u000a(\u000a\u0009ID BIGINT GENERATED BY DEFAULT AS IDENTITY NOT NULL,\u000a\u0009DEALERSHIP_ID INTEGER,\u000a\u0009KPI_ID BIGINT,\u000a\u0009SCORE_MONTH TINYINT,\u000a\u0009SCORE_YEAR SMALLINT,\u000a\u0009DEALER_SCORE FLOAT(4),\u000a\u0009VARIANCE_TOTAL FLOAT(4),\u000a\u0009AREA_SCORE FLOAT(4),\u000a\u0009REGIONAL_SCORE FLOAT(4),\u000a\u0009NATIONAL_ACTUAL_SCORE FLOAT(4),\u000a\u0009NATIONAL_LEAGUE_POSITION SMALLINT,\u000a\u0009TOTAL_ACTUAL_SCORE FLOAT(4),\u000a\u0009PRIMARY KEY (ID)\u000a) \u000a
\u000aCREATE TABLE DEALER_KPI_TARGET\u000a(\u000a\u0009ID BIGINT GENERATED BY DEFAULT AS IDENTITY NOT NULL,\u000a\u0009DEALERSHIP_ID INTEGER,\u000a\u0009KPI_ID BIGINT,\u000a\u0009YEAR SMALLINT,\u000a\u0009JANUARY_SCORE FLOAT(5),\u000a\u0009FEBRUARY_SCORE FLOAT(5),\u000a\u0009MARCH_SCORE FLOAT(5),\u000a\u0009APRIL_SCORE FLOAT(5),\u000a\u0009MAY_SCORE FLOAT(5),\u000a\u0009JUNE_SCORE FLOAT(5),\u000a\u0009JULY_SCORE FLOAT(5),\u000a\u0009AUGUST_SCORE FLOAT(5),\u000a\u0009SEPTEMBER_SCORE FLOAT(5),\u000a\u0009OCTOBER_SCORE FLOAT(5),\u000a\u0009NOVEMBER_SCORE FLOAT(5),\u000a\u0009DECEMBER_SCORE FLOAT(5),\u000a\u0009PRIMARY KEY (ID)\u000a) \u000a
\u000aCREATE TABLE DEALERSHIP\u000a(\u000a\u0009ID INTEGER GENERATED BY DEFAULT AS IDENTITY NOT NULL,\u000a\u0009BRAND_ID INTEGER NOT NULL,\u000a\u0009DEALER_NUMBER INTEGER NOT NULL,\u000a\u0009DEALER_NAME VARCHAR(200) NOT NULL,\u000a\u0009TRADING_ADDRESS_ID BIGINT NOT NULL,\u000a\u0009FRANCHISE_GROUP_ID INTEGER NOT NULL,\u000a\u0009MAINLINE_TELEPHONE VARCHAR(50),\u000a\u0009FAX_NUMBER VARCHAR(50),\u000a\u0009WEBSITE_LABEL VARCHAR(100),\u000a\u0009WEBSITE_LINK VARCHAR(200),\u000a\u0009CREATED_BY VARCHAR(50) NOT NULL,\u000a\u0009CREATED_DATE DATETIME NOT NULL,\u000a\u0009MODIFIED_DATE DATETIME,\u000a\u0009MODIFIED_BY VARCHAR(50),\u000a\u0009PRIMARY KEY (ID)\u000a) \u000a
\u000aCREATE TABLE DEALERSHIP_ADDRESS\u000a(\u000a\u0009DEALERSHIP_ID INTEGER NOT NULL,\u000a\u0009ADDRESS_ID BIGINT NOT NULL,\u000a\u0009PRIMARY KEY (DEALERSHIP_ID, ADDRESS_ID)\u000a) \u000a
\u000aCREATE TABLE DEALERSHIP_BUSINESS_AREA\u000a(\u000a\u0009DEALERSHIP_ID INTEGER NOT NULL,\u000a\u0009BUSINESS_AREA_ID INTEGER NOT NULL,\u000a\u0009PRIMARY KEY (DEALERSHIP_ID, BUSINESS_AREA_ID)\u000a) \u000a
\u000aCREATE TABLE DEALERSHIP_GEOGRAPHICAL_STRUCTURE_AREA\u000a(\u000a\u0009GEOGRAPHICAL_AREA_ID INTEGER NOT NULL,\u000a\u0009DEALERSHIP_ID INTEGER NOT NULL,\u000a\u0009PRIMARY KEY (GEOGRAPHICAL_AREA_ID, DEALERSHIP_ID)\u000a) \u000a
\u000aCREATE TABLE FRANCHISE_GROUP\u000a(\u000a\u0009ID INTEGER GENERATED BY DEFAULT AS IDENTITY NOT NULL,\u000a\u0009NAME VARCHAR(100) NOT NULL,\u000a        WEBSITE_LABEL VARCHAR(150),\u000a        WEBSITE_LINK VARCHAR(200),\u000a\u0009CREATED_BY VARCHAR(50) NOT NULL,\u000a\u0009CREATED_DATE DATETIME NOT NULL,\u000a\u0009MODIFIED_DATE DATETIME,\u000a\u0009MODIFIED_BY VARCHAR(50),\u000a\u0009PRIMARY KEY (ID)\u000a) \u000a
\u000aCREATE TABLE FRANCHISE_GROUP_BRAND\u000a(\u000a\u0009FRANCHISE_GROUP_ID INTEGER NOT NULL,\u000a\u0009BRAND_ID INTEGER NOT NULL,\u000a\u0009PRIMARY KEY (FRANCHISE_GROUP_ID, BRAND_ID)\u000a) \u000a
\u000aCREATE TABLE KPI_SCORE_FILE\u000a(\u000a\u0009ID BIGINT GENERATED BY DEFAULT AS IDENTITY NOT NULL,\u000a\u0009FILE_DESCRIPTION VARCHAR(200),\u000a\u0009KPI_FILE_DOCUMENT_ID BIGINT NOT NULL,\u000a\u0009CREATED_BY VARCHAR(50) NOT NULL,\u000a\u0009CREATED_DATE DATETIME NOT NULL,\u000a\u0009MODIFIED_BY VARCHAR(50),\u000a\u0009MODIFIED_DATE DATETIME,\u000a\u0009PRIMARY KEY (ID)\u000a) \u000a
\u000aALTER TABLE DEALER_KPI_ACTUAL ADD CONSTRAINT FK_DEALER_KPI_ACTUAL_DEALERSHIP \u000a\u0009FOREIGN KEY (DEALERSHIP_ID) REFERENCES DEALERSHIP (ID)\u000a
\u000aALTER TABLE DEALER_KPI_TARGET ADD CONSTRAINT FK_DEALER_KPI_TARGET_DEALERSHIP \u000a\u0009FOREIGN KEY (DEALERSHIP_ID) REFERENCES DEALERSHIP (ID)\u000a
\u000aALTER TABLE DEALER_KPI_TARGET ADD CONSTRAINT FK_DEALER_KPI_TARGET_KPI \u000a\u0009FOREIGN KEY (KPI_ID) REFERENCES KPI (ID)\u000a
\u000aALTER TABLE DEALERSHIP_ADDRESS ADD CONSTRAINT FK_DEALERSHIP_ADDRESS_ADDRESS \u000a\u0009FOREIGN KEY (ADDRESS_ID) REFERENCES ADDRESS (ID)\u000a
\u000aALTER TABLE DEALERSHIP_ADDRESS ADD CONSTRAINT FK_DEALERSHIP_ADDRESS_DEALERSHIP \u000a\u0009FOREIGN KEY (DEALERSHIP_ID) REFERENCES DEALERSHIP (ID)\u000a
\u000aALTER TABLE DEALERSHIP_BUSINESS_AREA ADD CONSTRAINT FK_DEALERSHIP_BUSINESS_AREA_BUSINESS_AREA \u000a\u0009FOREIGN KEY (BUSINESS_AREA_ID) REFERENCES BUSINESS_AREA (ID)\u000a
\u000aALTER TABLE DEALERSHIP_BUSINESS_AREA ADD CONSTRAINT FK_DEALERSHIP_BUSINESS_AREA_DEALERSHIP \u000a\u0009FOREIGN KEY (DEALERSHIP_ID) REFERENCES DEALERSHIP (ID)\u000a
\u000aALTER TABLE DEALERSHIP_GEOGRAPHICAL_STRUCTURE_AREA ADD CONSTRAINT FK_DEALERSHIP_GEOGRAPHICAL_STRUCTURE_DEALERSHIP \u000a\u0009FOREIGN KEY (DEALERSHIP_ID) REFERENCES DEALERSHIP (ID)\u000a
\u000aALTER TABLE DEALERSHIP_GEOGRAPHICAL_STRUCTURE_AREA ADD CONSTRAINT FK_DEALERSHIP_GEOGRAPHICAL_STRUCTURE_GEOGRAPHICAL_AREA \u000a\u0009FOREIGN KEY (GEOGRAPHICAL_AREA_ID) REFERENCES GEOGRAPHICAL_AREA (ID)\u000a
\u000aALTER TABLE FRANCHISE_GROUP_BRAND ADD CONSTRAINT FK_FRANCHISE_GROUP_BRAND_FRANCHISE_GROUP \u000a\u0009FOREIGN KEY (FRANCHISE_GROUP_ID) REFERENCES FRANCHISE_GROUP (ID)\u000a
\u000aDROP TABLE IF EXISTS USER\u000a
\u000aDROP TABLE IF EXISTS USER_BRAND\u000a
\u000aDROP TABLE IF EXISTS USER_BUSINESS_AREA\u000a
\u000aDROP TABLE IF EXISTS USER_GEOGRAPHICAL_AREA\u000a
\u000aDROP TABLE IF EXISTS USER_GEOGRAPHICAL_REGION\u000a
\u000aDROP TABLE IF EXISTS USER_GS_CATEGORY\u000a
\u000aDROP TABLE IF EXISTS USER_USER_PROFILE\u000a
\u000aCREATE TABLE USER\u000a(\u000a\u0009USER_ID VARCHAR(50) NOT NULL,\u000a\u0009TYPE_OF_ORGANISATION INTEGER NOT NULL,\u000a\u0009ORGANISATION_ID INTEGER,\u000a\u0009DEALERSHIP_ID INTEGER,\u000a\u0009FRANCHISE_GROUP_ID INTEGER,\u000a\u0009FIRST_NAME VARCHAR(50) NOT NULL,\u000a\u0009SUR_NAME VARCHAR(50) NOT NULL,\u000a\u0009EMAIL_ADDRESS VARCHAR(100) NOT NULL,\u000a\u0009LANDLINE VARCHAR(50),\u000a\u0009MOBILE VARCHAR(50),\u000a\u0009POSITION_ID INTEGER NOT NULL,\u000a\u0009PASSWORD VARCHAR(15),\u000a\u0009IS_DISABLED TINYINT NOT NULL,\u000a\u0009CREATED_BY VARCHAR(50) NOT NULL,\u000a\u0009CREATED_DATE DATETIME NOT NULL,\u000a\u0009MODIFIED_BY VARCHAR(50),\u000a\u0009MODIFIED_DATE DATETIME,\u000a\u0009IS_PASSWORD_CHANGE_REQUIRED TINYINT,\u000a\u0009PRIMARY KEY (USER_ID)\u000a) \u000a
\u000aCREATE TABLE USER_BRAND\u000a(\u000a\u0009USER_ID VARCHAR(50) NOT NULL,\u000a\u0009BRAND_ID INTEGER NOT NULL,\u000a\u0009PRIMARY KEY (USER_ID, BRAND_ID)\u000a) \u000a
\u000aCREATE TABLE USER_BUSINESS_AREA\u000a(\u000a\u0009USER_ID VARCHAR(50) NOT NULL,\u000a\u0009BUSINESS_AREA_ID INTEGER NOT NULL,\u000a\u0009PRIMARY KEY (USER_ID, BUSINESS_AREA_ID)\u000a) \u000a
\u000aCREATE TABLE USER_GEOGRAPHICAL_AREA\u000a(\u000a\u0009USER_ID VARCHAR(50) NOT NULL,\u000a\u0009AREA_ID INTEGER NOT NULL,\u000a\u0009PRIMARY KEY (USER_ID, AREA_ID)\u000a) \u000a
\u000aCREATE TABLE USER_GEOGRAPHICAL_REGION\u000a(\u000a\u0009USER_ID VARCHAR(50) NOT NULL,\u000a\u0009REGION_ID INTEGER NOT NULL,\u000a\u0009PRIMARY KEY (USER_ID, REGION_ID)\u000a) \u000a
\u000aCREATE TABLE USER_GS_CATEGORY\u000a(\u000a\u0009USER_ID VARCHAR(50) NOT NULL,\u000a\u0009GS_CATEGORY_ID INTEGER NOT NULL,\u000a\u0009PRIMARY KEY (USER_ID, GS_CATEGORY_ID)\u000a) \u000a
\u000aCREATE TABLE USER_USER_PROFILE\u000a(\u000a\u0009USER_ID VARCHAR(50) NOT NULL,\u000a\u0009USER_PROFILE_ID INTEGER NOT NULL,\u000a\u0009PRIMARY KEY (USER_ID, USER_PROFILE_ID)\u000a) \u000a
\u000aALTER TABLE USER ADD CONSTRAINT FK_USER_DEALERSHIP \u000a\u0009FOREIGN KEY (DEALERSHIP_ID) REFERENCES DEALERSHIP (ID)\u000a
\u000aALTER TABLE USER ADD CONSTRAINT FK_USER_FRANCHISE_GROUP \u000a\u0009FOREIGN KEY (FRANCHISE_GROUP_ID) REFERENCES FRANCHISE_GROUP (ID)\u000a
\u000aALTER TABLE USER ADD CONSTRAINT FK_USER_ORGANISATION \u000a\u0009FOREIGN KEY (ORGANISATION_ID) REFERENCES ORGANISATION (ID)\u000a
\u000aALTER TABLE USER ADD CONSTRAINT FK_USER_POSITION \u000a\u0009FOREIGN KEY (POSITION_ID) REFERENCES POSITIONS (ID)\u000a
\u000aALTER TABLE USER_BUSINESS_AREA ADD CONSTRAINT FK_USER_BUSINESS_AREA \u000a\u0009FOREIGN KEY (BUSINESS_AREA_ID) REFERENCES BUSINESS_AREA (ID)\u000a
\u000aALTER TABLE USER_GEOGRAPHICAL_AREA ADD CONSTRAINT FK_USER_GEOGRAPHICAL_AREA \u000a\u0009FOREIGN KEY (AREA_ID) REFERENCES GEOGRAPHICAL_AREA (ID)\u000a
\u000aALTER TABLE USER_GEOGRAPHICAL_REGION ADD CONSTRAINT FK_USER_GEOGRAPHICAL_REGION \u000a\u0009FOREIGN KEY (REGION_ID) REFERENCES GEOGRAPHICAL_REGION (ID)\u000a
\u000aALTER TABLE USER_GS_CATEGORY ADD CONSTRAINT FK_USER_GS_CATEGORY\u000a\u0009FOREIGN KEY (GS_CATEGORY_ID) REFERENCES GEOGRAPHICAL_STRUCTURE_CATEGORY (ID)\u000a
\u000aALTER TABLE USER_USER_PROFILE ADD CONSTRAINT FK_USER_USER_PROFILE\u000a\u0009FOREIGN KEY (USER_PROFILE_ID) REFERENCES USER_PROFILE (ID)\u000a
\u000aDROP TABLE IF EXISTS ACTION\u000a
\u000aDROP TABLE IF EXISTS ACTION_BUSINESS_AREA\u000a
\u000aDROP TABLE IF EXISTS ACTION_CLOSURE_REQUEST\u000a
\u000aDROP TABLE IF EXISTS ACTION_DEALERSHIP\u000a
\u000aDROP TABLE IF EXISTS ACTION_DOCUMENT\u000a
\u000aDROP TABLE IF EXISTS ACTION_FRANCHISE_GROUP\u000a
\u000aDROP TABLE IF EXISTS ACTION_OWNER\u000a
\u000aDROP TABLE IF EXISTS ACTION_PROCESS\u000a
\u000aDROP TABLE IF EXISTS ACTION_PROGRESS\u000a
\u000aCREATE TABLE ACTION\u000a(\u000a\u0009ID BIGINT GENERATED BY DEFAULT AS IDENTITY NOT NULL,\u000a\u0009DESCRIPTION VARCHAR(100) NOT NULL,\u000a\u0009BRAND_ID INTEGER,\u000a\u0009STANDARD_TOPIC_ID INTEGER,\u000a\u0009START_DATE DATE,\u000a\u0009DUE_DATE DATE NOT NULL,\u000a\u0009CONFIDENTIAL_FLAG TINYINT,\u000a\u0009ORGANISATION_ID INTEGER,\u000a\u0009CREATED_BY VARCHAR(50) NOT NULL,\u000a\u0009CREATED_DATE DATETIME NOT NULL,\u000a\u0009MODIFIED_BY VARCHAR(50),\u000a\u0009MODIFIED_DATE DATETIME,\u000a\u0009STATUS INTEGER,\u000a\u0009PRIMARY KEY (ID)\u000a) \u000a
\u000aCREATE TABLE ACTION_BUSINESS_AREA\u000a(\u000a\u0009ACTION_ID BIGINT NOT NULL,\u000a\u0009BUSINESS_AREA_ID INTEGER NOT NULL,\u000a\u0009PRIMARY KEY (ACTION_ID, BUSINESS_AREA_ID)\u000a) \u000a
\u000aCREATE TABLE ACTION_CLOSURE_REQUEST\u000a(\u000a\u0009ID BIGINT GENERATED BY DEFAULT AS IDENTITY NOT NULL,\u000a\u0009ACTION_ID BIGINT NOT NULL,\u000a\u0009REASON_FOR_CLOSURE_REQUEST VARCHAR(255),\u000a\u0009DATE_OF_CLOSURE_REQUEST DATE NOT NULL,\u000a\u0009REQUESTOR_USER_ID VARCHAR(50) NOT NULL,\u000a\u0009STATUS INTEGER NOT NULL,\u000a\u0009PRIMARY KEY (ID)\u000a) \u000a
\u000aCREATE TABLE ACTION_DEALERSHIP\u000a(\u000a\u0009ACTION_ID BIGINT NOT NULL,\u000a\u0009DEALERSHIP_ID INTEGER NOT NULL,\u000a\u0009PRIMARY KEY (ACTION_ID, DEALERSHIP_ID)\u000a) \u000a
\u000aCREATE TABLE ACTION_DOCUMENT\u000a(\u000a\u0009ACTION_ID BIGINT NOT NULL,\u000a\u0009DOCUMENT_ID BIGINT NOT NULL,\u000a\u0009PRIMARY KEY (ACTION_ID, DOCUMENT_ID)\u000a) \u000a
\u000aCREATE TABLE ACTION_FRANCHISE_GROUP\u000a(\u000a\u0009ACTION_ID BIGINT NOT NULL,\u000a\u0009FRANCHISE_GROUP_ID INTEGER NOT NULL,\u000a\u0009PRIMARY KEY (ACTION_ID, FRANCHISE_GROUP_ID)\u000a) \u000a
\u000aCREATE TABLE ACTION_OWNER\u000a(\u000a\u0009ACTION_ID BIGINT NOT NULL,\u000a\u0009OWNER_USER_ID VARCHAR(50) NOT NULL,\u000a\u0009PRIMARY KEY (ACTION_ID, OWNER_USER_ID)\u000a) \u000a
\u000aCREATE TABLE ACTION_PROCESS\u000a(\u000a\u0009ID BIGINT GENERATED BY DEFAULT AS IDENTITY NOT NULL,\u000a\u0009ACTION_ID BIGINT NOT NULL,\u000a\u0009CLOSURE_REQUEST_ID BIGINT NOT NULL,\u000a\u0009DECISION TINYINT NOT NULL,\u000a\u0009REASON_FOR_REJECTION VARCHAR(255),\u000a\u0009APPROVER_USER_ID VARCHAR(50) NOT NULL,\u000a\u0009PRIMARY KEY (ID)\u000a) \u000a
\u000aCREATE TABLE ACTION_PROGRESS\u000a(\u000a\u0009ID BIGINT GENERATED BY DEFAULT AS IDENTITY NOT NULL,\u000a\u0009ACTION_ID BIGINT NOT NULL,\u000a\u0009DESCRIPTION VARCHAR(255) NOT NULL,\u000a\u0009PROGRESS_DATE DATE NOT NULL,\u000a\u0009CREATED_BY VARCHAR(50) NOT NULL,\u000a\u0009CREATED_DATE DATE NOT NULL,\u000a\u0009PRIMARY KEY (ID)\u000a) \u000a
\u000aCREATE TABLE ACTION_DUE_DATE_CHANGE\u000a(\u000a\u0009ID BIGINT GENERATED BY DEFAULT AS IDENTITY NOT NULL,\u000a\u0009ACTION_ID BIGINT NOT NULL,\u000a\u0009NEW_DUE_DATE DATE NOT NULL,\u000a\u0009CREATED_BY VARCHAR(50) NOT NULL,\u000a\u0009CREATED_DATE DATE NOT NULL,\u000a\u0009PRIMARY KEY (ID)\u000a) \u000a
\u000aCREATE TABLE ACTION_OWNERSHIP_CHANGE\u000a(\u000a\u0009ID BIGINT GENERATED BY DEFAULT AS IDENTITY NOT NULL,\u000a\u0009ACTION_ID BIGINT NOT NULL,\u000a\u0009OWNER_USER_ID VARCHAR(50) NOT NULL,\u000a\u0009CHANGE_TYPE TINYINT NOT NULL,\u000a\u0009CREATED_BY VARCHAR(50) NOT NULL,\u000a\u0009CREATED_DATE DATE NOT NULL,\u000a\u0009PRIMARY KEY (ID)\u000a) \u000a
\u000aALTER TABLE ACTION ADD CONSTRAINT FK_ACTION_ORGANISATION \u000a\u0009FOREIGN KEY (ORGANISATION_ID) REFERENCES ORGANISATION (ID)\u000a
\u000aALTER TABLE ACTION ADD CONSTRAINT FK_ACTION_STANDARD_TOPIC \u000a\u0009FOREIGN KEY (STANDARD_TOPIC_ID) REFERENCES STANDARD_TOPIC (ID)\u000a
\u000aALTER TABLE ACTION_BUSINESS_AREA ADD CONSTRAINT FK_ACTION_BUSINESS_AREA_ACTION \u000a\u0009FOREIGN KEY (ACTION_ID) REFERENCES ACTION (ID)\u000a
\u000aALTER TABLE ACTION_BUSINESS_AREA ADD CONSTRAINT FK_ACTION_BUSINESS_AREA_BUSINESS_AREA \u000a\u0009FOREIGN KEY (BUSINESS_AREA_ID) REFERENCES BUSINESS_AREA (ID)\u000a
\u000aALTER TABLE ACTION_CLOSURE_REQUEST ADD CONSTRAINT FK_ACTION_CLOSURE_REQUEST_ACTION \u000a\u0009FOREIGN KEY (ACTION_ID) REFERENCES ACTION (ID)\u000a
\u000aALTER TABLE ACTION_DEALERSHIP ADD CONSTRAINT FK_ACTION_DEALERSHIP_ACTION \u000a\u0009FOREIGN KEY (ACTION_ID) REFERENCES ACTION (ID)\u000a
\u000aALTER TABLE ACTION_DEALERSHIP ADD CONSTRAINT FK_ACTION_DEALERSHIP_DEALERSHIP \u000a\u0009FOREIGN KEY (DEALERSHIP_ID) REFERENCES DEALERSHIP (ID)\u000a
\u000aALTER TABLE ACTION_DOCUMENT ADD CONSTRAINT FK_ACTION_DOCUMENT_ACTION \u000a\u0009FOREIGN KEY (ACTION_ID) REFERENCES ACTION (ID)\u000a
\u000aALTER TABLE ACTION_FRANCHISE_GROUP ADD CONSTRAINT FK_ACTION_FRANCHISE_GROUP_ACTION \u000a\u0009FOREIGN KEY (ACTION_ID) REFERENCES ACTION (ID)\u000a
\u000aALTER TABLE ACTION_FRANCHISE_GROUP ADD CONSTRAINT FK_ACTION_FRANCHISE_GROUP_FRANCHISE_GROUP \u000a\u0009FOREIGN KEY (FRANCHISE_GROUP_ID) REFERENCES FRANCHISE_GROUP (ID)\u000a
\u000aALTER TABLE ACTION_OWNER ADD CONSTRAINT FK_ACTION_OWNER_ACTION \u000a\u0009FOREIGN KEY (ACTION_ID) REFERENCES ACTION (ID)\u000a
\u000aALTER TABLE ACTION_PROCESS ADD CONSTRAINT FK_ACTION_PROCESS_ACTION_CLOSURE_REQUEST \u000a\u0009FOREIGN KEY (CLOSURE_REQUEST_ID) REFERENCES ACTION_CLOSURE_REQUEST (ID)\u000a
\u000aALTER TABLE ACTION_PROGRESS ADD CONSTRAINT FK_ACTION_PROGRESS_ACTION \u000a\u0009FOREIGN KEY (ACTION_ID) REFERENCES ACTION (ID)\u000a
\u000aALTER TABLE ACTION_OWNERSHIP_CHANGE ADD CONSTRAINT FK_ACTION_OWNERSHIP_CHANGE_ACTION \u000a\u0009FOREIGN KEY (ACTION_ID) REFERENCES ACTION (ID)\u000a
\u000aALTER TABLE ACTION_DUE_DATE_CHANGE ADD CONSTRAINT FK_ACTION_DUE_DATE_CHANGE_ACTION \u000a\u0009FOREIGN KEY (ACTION_ID) REFERENCES ACTION (ID)\u000a
\u000aDROP TABLE IF EXISTS AGENDA\u000a
\u000aDROP TABLE IF EXISTS AGENDA_ACTION\u000a
\u000aDROP TABLE IF EXISTS AGENDA_ADHOC_TOPIC\u000a
\u000aDROP TABLE IF EXISTS AGENDA_AOB_ITEM\u000a
\u000aDROP TABLE IF EXISTS AGENDA_BRAND\u000a
\u000aDROP TABLE IF EXISTS AGENDA_BUSINESS_AREA\u000a
\u000aDROP TABLE IF EXISTS AGENDA_DEALER\u000a
\u000aDROP TABLE IF EXISTS AGENDA_DOCUMENT\u000a
\u000aDROP TABLE IF EXISTS AGENDA_INVITEE\u000a
\u000aDROP TABLE IF EXISTS AGENDA_STANDARD_TOPIC\u000a
\u000aDROP TABLE IF EXISTS AGENDA_VERSIONS\u000a
\u000aDROP TABLE IF EXISTS MEETING_TYPE\u000a
\u000aCREATE TABLE AGENDA\u000a(\u000a\u0009ID BIGINT GENERATED BY DEFAULT AS IDENTITY NOT NULL,\u000a\u0009VISIT_REPORT_ID BIGINT,\u000a\u0009DATE_OF_MEETING DATE,\u0009LOCATION_OF_MEETING VARCHAR(200),\u000a\u0009TITLE_OF_MEETING VARCHAR(200),\u000a\u0009MEETING_START_TIME TIME,\u000a\u0009MEETING_END_TIME TIME,\u000a\u0009MEETING_TYPE_ID INTEGER,\u000a\u0009MEETING_ORGANISER_USER_ID VARCHAR(50),\u000a\u0009CONFIDENTIAL TINYINT,\u000a\u0009STATUS_ID INTEGER,\u000a\u0009CURRENT_VERSION_NUMBER FLOAT(4),\u000a\u0009CREATED_BY VARCHAR(50) NOT NULL,\u000a\u0009CREATED_DATE DATETIME NOT NULL,\u000a\u0009MODIFIED_BY VARCHAR(50),\u000a\u0009MODIFIED_DATE DATETIME,\u000a\u0009PRIMARY KEY (ID)\u000a) \u000a
\u000aCREATE TABLE AGENDA_ACTION\u000a(\u000a\u0009AGENDA_ID BIGINT NOT NULL,\u000a\u0009ACTION_ID BIGINT NOT NULL,\u000a\u0009PRIMARY KEY (AGENDA_ID, ACTION_ID)\u000a) \u000a
\u000aCREATE TABLE AGENDA_ADHOC_TOPIC\u000a(\u000a\u0009ID BIGINT GENERATED BY DEFAULT AS IDENTITY NOT NULL,\u000a\u0009AGENDA_ID BIGINT,\u000a\u0009ADHOC_TOPIC_TITLE VARCHAR(100),\u000a\u0009ADHOC_TOPIC_DESCRIPTION VARCHAR(255)\u000a) \u000a
\u000aCREATE TABLE AGENDA_AOB_ITEM\u000a(\u000a\u0009ID BIGINT GENERATED BY DEFAULT AS IDENTITY NOT NULL,\u000a\u0009AGENDA_ID BIGINT,\u000a\u0009AOB_ITEM VARCHAR(255),\u000a\u0009PRIMARY KEY (ID)\u000a) \u000a
\u000aCREATE TABLE AGENDA_BRAND\u000a(\u000a\u0009AGENDA_ID BIGINT NOT NULL,\u000a\u0009BRAND_ID INTEGER NOT NULL,\u000a\u0009PRIMARY KEY (AGENDA_ID, BRAND_ID)\u000a) \u000a
\u000aCREATE TABLE AGENDA_BUSINESS_AREA\u000a(\u000a\u0009AGENDA_ID BIGINT NOT NULL,\u000a\u0009BUSINESS_AREA_ID INTEGER NOT NULL,\u000a\u0009PRIMARY KEY (AGENDA_ID, BUSINESS_AREA_ID)\u000a) \u000a
\u000aCREATE TABLE AGENDA_DEALER\u000a(\u000a\u0009AGENDA_ID BIGINT NOT NULL,\u000a\u0009DEALERSHIP_ID INTEGER NOT NULL,\u000a\u0009PRIMARY KEY (AGENDA_ID, DEALERSHIP_ID)\u000a) \u000a
\u000aCREATE TABLE AGENDA_DOCUMENT\u000a(\u000a\u0009AGENDA_ID BIGINT NOT NULL,\u000a\u0009DOCUMENT_ID BIGINT NOT NULL,\u000a\u0009PRIMARY KEY (AGENDA_ID, DOCUMENT_ID)\u000a) \u000a
\u000aCREATE TABLE AGENDA_INVITEE\u000a(\u000a\u0009ID BIGINT GENERATED BY DEFAULT AS IDENTITY NOT NULL,\u000a\u0009AGENDA_ID BIGINT NOT NULL,\u000a\u0009INVITEE_USER_ID VARCHAR(50),\u000a\u0009INVITEE_NAME VARCHAR(200)\u000a) \u000a
\u000aCREATE TABLE AGENDA_STANDARD_TOPIC\u000a(\u000a\u0009AGENDA_ID BIGINT NOT NULL,\u000a\u0009STANDARD_TOPIC_ID INTEGER NOT NULL,\u000a\u0009PRIMARY KEY (AGENDA_ID, STANDARD_TOPIC_ID)\u000a) \u000a
\u000aCREATE TABLE AGENDA_VERSIONS\u000a(\u000a\u0009ID BIGINT GENERATED BY DEFAULT AS IDENTITY NOT NULL,\u000a\u0009AGENDA_ID BIGINT NOT NULL,\u000a\u0009DOCUMENT_ID BIGINT,\u000a\u0009VERSION FLOAT(3),\u000a\u0009PRIMARY KEY (ID)\u000a) \u000a
\u000aCREATE TABLE MEETING_TYPE\u000a(\u000a\u0009ID INTEGER GENERATED BY DEFAULT AS IDENTITY NOT NULL,\u000a\u0009NAME VARCHAR(200),\u000a\u0009IS_DISABLED TINYINT NOT NULL,\u000a\u0009CREATED_BY VARCHAR(50) NOT NULL,\u000a\u0009CREATED_DATE DATETIME NOT NULL,\u000a\u0009MODIFIED_BY VARCHAR(50),\u000a\u0009MODIFIED_DATE DATETIME,\u000a\u0009PRIMARY KEY (ID)\u000a)\u000a
\u000aALTER TABLE AGENDA ADD CONSTRAINT FK_AGENDA_MEETING_TYPE \u000a\u0009FOREIGN KEY (MEETING_TYPE_ID) REFERENCES MEETING_TYPE (ID)\u000a
\u000aALTER TABLE AGENDA_ACTION ADD CONSTRAINT FK_AGENDA_ACTION_ACTION \u000a\u0009FOREIGN KEY (ACTION_ID) REFERENCES ACTION (ID)\u000a
\u000aALTER TABLE AGENDA_ACTION ADD CONSTRAINT FK_AGENDA_ACTION_AGENDA \u000a\u0009FOREIGN KEY (AGENDA_ID) REFERENCES AGENDA (ID)\u000a
\u000aALTER TABLE AGENDA_AOB_ITEM ADD CONSTRAINT FK_AGENDA_AOB_ITEM_AGENDA \u000a\u0009FOREIGN KEY (AGENDA_ID) REFERENCES AGENDA (ID)\u000a
\u000aALTER TABLE AGENDA_BRAND ADD CONSTRAINT FK_AGENDA_BRAND_AGENDA \u000a\u0009FOREIGN KEY (AGENDA_ID) REFERENCES AGENDA (ID)\u000a
\u000aALTER TABLE AGENDA_BUSINESS_AREA ADD CONSTRAINT FK_AGENDA_BUSINESS_AREA_AGENDA \u000a\u0009FOREIGN KEY (AGENDA_ID) REFERENCES AGENDA (ID)\u000a
\u000aALTER TABLE AGENDA_BUSINESS_AREA ADD CONSTRAINT FK_AGENDA_BUSINESS_AREA_BUSINESS_AREA \u000a\u0009FOREIGN KEY (BUSINESS_AREA_ID) REFERENCES BUSINESS_AREA (ID)\u000a
\u000aALTER TABLE AGENDA_DEALER ADD CONSTRAINT FK_AGENDA_DEALER_AGENDA \u000a\u0009FOREIGN KEY (AGENDA_ID) REFERENCES AGENDA (ID)\u000a
\u000aALTER TABLE AGENDA_DEALER ADD CONSTRAINT FK_AGENDA_DEALER_DEALERSHIP \u000a\u0009FOREIGN KEY (DEALERSHIP_ID) REFERENCES DEALERSHIP (ID)\u000a
\u000aALTER TABLE AGENDA_DOCUMENT ADD CONSTRAINT FK_AGENDA_DOCUMENT_AGENDA \u000a\u0009FOREIGN KEY (AGENDA_ID) REFERENCES AGENDA (ID)\u000a
\u000aALTER TABLE AGENDA_INVITEE ADD CONSTRAINT FK_AGENDA_INVITEE_AGENDA \u000a\u0009FOREIGN KEY (AGENDA_ID) REFERENCES AGENDA (ID)\u000a
\u000aALTER TABLE AGENDA_STANDARD_TOPIC ADD CONSTRAINT FK_AGENDA_STANDARD_TOPIC_AGENDA \u000a\u0009FOREIGN KEY (AGENDA_ID) REFERENCES AGENDA (ID)\u000a
\u000aALTER TABLE AGENDA_STANDARD_TOPIC ADD CONSTRAINT FK_AGENDA_STANDARD_TOPIC_STANDARD_TOPIC \u000a\u0009FOREIGN KEY (STANDARD_TOPIC_ID) REFERENCES STANDARD_TOPIC (ID)\u000a
\u000aALTER TABLE AGENDA_VERSIONS ADD CONSTRAINT FK_AGENDA_MASTER_AGENDA \u000a\u0009FOREIGN KEY (AGENDA_ID) REFERENCES AGENDA (ID)\u000a
\u000aDROP TABLE IF EXISTS TOPIC_DISCUSSION_SUMMARY\u000a
\u000aDROP TABLE IF EXISTS VISIT_REPORT\u000a
\u000aDROP TABLE IF EXISTS VISIT_REPORT_ACTION\u000a
\u000aDROP TABLE IF EXISTS VISIT_REPORT_ADHOC_TOPIC\u000a
\u000aDROP TABLE IF EXISTS VISIT_REPORT_AOB_ITEM\u000a
\u000aDROP TABLE IF EXISTS VISIT_REPORT_ATTENDEE\u000a
\u000aDROP TABLE IF EXISTS VISIT_REPORT_BUSINESS_AREA\u000a
\u000aDROP TABLE IF EXISTS VISIT_REPORT_DEALER\u000a
\u000aDROP TABLE IF EXISTS VISIT_REPORT_DOCUMENT\u000a
\u000aDROP TABLE IF EXISTS VISIT_REPORT_INVITEE\u000a
\u000aDROP TABLE IF EXISTS VISIT_REPORT_OBSERVATION\u000a
\u000aDROP TABLE IF EXISTS VISIT_REPORT_STANDARD_TOPIC\u000a
\u000aDROP TABLE IF EXISTS VISIT_REPORT_VERSIONS\u000a
\u000aCREATE TABLE TOPIC_DISCUSSION_SUMMARY\u000a(\u000a\u0009ID BIGINT GENERATED BY DEFAULT AS IDENTITY NOT NULL,\u000a\u0009SUMMARY_OF_TOPIC_DISCUSSION VARCHAR(255),\u000a\u0009VISIT_REPORT_TOPIC_ID BIGINT,\u000a\u0009VISIT_REPORT_TOPIC_TYPE TINYINT,\u000a\u0009PRIMARY KEY (ID)\u000a) \u000a
\u000aCREATE TABLE VISIT_REPORT\u000a(\u000a\u0009ID BIGINT GENERATED BY DEFAULT AS IDENTITY NOT NULL,\u000a\u0009FRANCHISE_GROUP_ID INTEGER,\u000a\u0009LOCATION_OF_MEETING VARCHAR(255) NOT NULL,\u000a\u0009TITLE_OF_MEETING VARCHAR(255) NOT NULL,\u000a\u0009MEETING_START_TIME TIME,\u000a\u0009MEETING_END_TIME TIME,\u000a\u0009MEETING_ORGANISER_USER_ID VARCHAR(50) NOT NULL,\u000a\u0009CONFIDENTIAL TINYINT,\u000a\u0009SUMMARY_OF_DISCUSSION VARCHAR(255) NOT NULL,\u000a\u0009STATUS_ID INTEGER,\u000a\u0009CREATED_BY VARCHAR(50) NOT NULL,\u000a\u0009CREATED_DATE DATETIME NOT NULL,\u000a\u0009MODIFIED_BY VARCHAR(50),\u000a\u0009MODIFIED_DATE DATETIME,\u000a\u0009CURRENT_VERSION_NUMBER FLOAT(4),\u000a\u0009PRIMARY KEY (ID)\u000a) \u000a
\u000aCREATE TABLE VISIT_REPORT_ACTION\u000a(\u000a\u0009VISIT_REPORT_ID BIGINT NOT NULL,\u000a\u0009ACTION_ID BIGINT NOT NULL,\u000a\u0009PRIMARY KEY (VISIT_REPORT_ID, ACTION_ID)\u000a) \u000a
\u000aCREATE TABLE VISIT_REPORT_ADHOC_TOPIC\u000a(\u000a\u0009ID BIGINT GENERATED BY DEFAULT AS IDENTITY NOT NULL,\u000a\u0009VISIT_REPORT_ID BIGINT,\u000a\u0009TOPIC_TITLE VARCHAR(255),\u000a\u0009TOPIC_DESCRIPTION VARCHAR(255),\u000a\u0009DISPLAY_SEQUENCE SMALLINT,\u000a\u0009SUMMARY_OF_TOPIC_DISCUSSION VARCHAR(255),\u000a\u0009PRIMARY KEY (ID)\u000a) \u000a
\u000aCREATE TABLE VISIT_REPORT_AOB_ITEM\u000a(\u000a\u0009ID BIGINT GENERATED BY DEFAULT AS IDENTITY NOT NULL,\u000a\u0009VISIT_REPORT_ID BIGINT,\u000a\u0009AOB_ITEM VARCHAR(255),\u000a\u0009DISPLAY_SEQUENCE SMALLINT,\u000a\u0009AOB_DISCUSSION VARCHAR(255),\u000a\u0009PRIMARY KEY (ID)\u000a) \u000a
\u000aCREATE TABLE VISIT_REPORT_ATTENDEE\u000a(\u000a\u0009ID BIGINT GENERATED BY DEFAULT AS IDENTITY NOT NULL,\u000a\u0009VISIT_REPORT_ID BIGINT NOT NULL,\u000a\u0009ATTENDEE_USER_ID VARCHAR(50),\u000a\u0009ATTENDEE_NAME VARCHAR(200),\u000a\u0009PRIMARY KEY (ID)\u000a) \u000a
\u000aCREATE TABLE VISIT_REPORT_BUSINESS_AREA\u000a(\u000a\u0009VISIT_REPORT_ID BIGINT NOT NULL,\u000a\u0009BUSINESS_AREA_ID INTEGER NOT NULL,\u000a\u0009PRIMARY KEY (VISIT_REPORT_ID, BUSINESS_AREA_ID)\u000a) \u000a
\u000aCREATE TABLE VISIT_REPORT_DEALER\u000a(\u000a\u0009VISIT_REPORT_ID BIGINT NOT NULL,\u000a\u0009DEALERSHIP_ID INTEGER NOT NULL,\u000a\u0009PRIMARY KEY (VISIT_REPORT_ID, DEALERSHIP_ID)\u000a) \u000a
\u000aCREATE TABLE VISIT_REPORT_DOCUMENT\u000a(\u000a\u0009VISIT_REPORT_ID BIGINT NOT NULL,\u000a\u0009DOCUMENT_ID BIGINT NOT NULL,\u000a\u0009PRIMARY KEY (VISIT_REPORT_ID, DOCUMENT_ID)\u000a) \u000a
\u000aCREATE TABLE VISIT_REPORT_INVITEE\u000a(\u000a\u0009ID BIGINT GENERATED BY DEFAULT AS IDENTITY NOT NULL,\u000a\u0009VISIT_REPORT_ID BIGINT NOT NULL,\u000a\u0009INVITEE_USER_ID VARCHAR(50),\u000a\u0009INVITEE_NAME VARCHAR(200),\u000a\u0009PRIMARY KEY (ID)\u000a) \u000a
\u000aCREATE TABLE VISIT_REPORT_OBSERVATION\u000a(\u000a\u0009ID BIGINT GENERATED BY DEFAULT AS IDENTITY NOT NULL,\u000a\u0009VISIT_REPORT_ID BIGINT,\u000a\u0009OBSERVATION VARCHAR(255),\u000a\u0009PRIMARY KEY (ID)\u000a) \u000a
\u000aCREATE TABLE VISIT_REPORT_STANDARD_TOPIC\u000a(\u000a\u0009ID BIGINT GENERATED BY DEFAULT AS IDENTITY NOT NULL,\u000a\u0009VISIT_REPORT_ID BIGINT NOT NULL,\u000a\u0009STANDARD_TOPIC_ID INTEGER NOT NULL,\u000a\u0009DISPLAY_SEQUENCE SMALLINT,\u000a\u0009SUMMARY_OF_TOPIC_DISCUSSION VARCHAR(255),\u000a\u0009PRIMARY KEY (ID)\u000a) \u000a
\u000aCREATE TABLE VISIT_REPORT_VERSIONS\u000a(\u000a\u0009ID BIGINT GENERATED BY DEFAULT AS IDENTITY NOT NULL,\u000a\u0009VISIT_REPORT_ID BIGINT NOT NULL,\u000a\u0009VERSION_DOCUMENT_ID BIGINT,\u000a\u0009VERSION FLOAT(4),\u000a\u0009PRIMARY KEY (ID)\u000a) \u000a
\u000aALTER TABLE AGENDA ADD CONSTRAINT FK_AGENDA_VISIT_REPORT\u000a\u0009FOREIGN KEY (VISIT_REPORT_ID) REFERENCES VISIT_REPORT (ID)\u000a
\u000aALTER TABLE VISIT_REPORT_ACTION ADD CONSTRAINT FK_VISIT_REPORT_ACTION_ACTION \u000a\u0009FOREIGN KEY (ACTION_ID) REFERENCES ACTION (ID)\u000a
\u000aALTER TABLE VISIT_REPORT_ACTION ADD CONSTRAINT FK_VISIT_REPORT_ACTION_AGENDA \u000a\u0009FOREIGN KEY (VISIT_REPORT_ID) REFERENCES AGENDA (ID)\u000a
\u000aALTER TABLE VISIT_REPORT_ADHOC_TOPIC ADD CONSTRAINT FK_VISIT_REPORT_ADHOC_TOPIC_VISIT_REPORT \u000a\u0009FOREIGN KEY (VISIT_REPORT_ID) REFERENCES VISIT_REPORT (ID)\u000a
\u000aALTER TABLE VISIT_REPORT_AOB_ITEM ADD CONSTRAINT FK_VISIT_REPORT_AOB_ITEM_AGENDA \u000a\u0009FOREIGN KEY (VISIT_REPORT_ID) REFERENCES AGENDA (ID)\u000a
\u000aALTER TABLE VISIT_REPORT_ATTENDEE ADD CONSTRAINT FK_VISIT_REPORT_ATTENDEE_VISIT_REPORT \u000a\u0009FOREIGN KEY (VISIT_REPORT_ID) REFERENCES VISIT_REPORT (ID)\u000a
\u000aALTER TABLE VISIT_REPORT_BUSINESS_AREA ADD CONSTRAINT FK_VISIT_REPORT_BUSINESS_AREA_AGENDA \u000a\u0009FOREIGN KEY (VISIT_REPORT_ID) REFERENCES AGENDA (ID)\u000a
\u000aALTER TABLE VISIT_REPORT_BUSINESS_AREA ADD CONSTRAINT FK_VISIT_REPORT_BUSINESS_AREA_BUSINESS_AREA \u000a\u0009FOREIGN KEY (BUSINESS_AREA_ID) REFERENCES BUSINESS_AREA (ID)\u000a
\u000aALTER TABLE VISIT_REPORT_DEALER ADD CONSTRAINT FK_VISIT_REPORT_DEALER_AGENDA \u000a\u0009FOREIGN KEY (VISIT_REPORT_ID) REFERENCES AGENDA (ID)\u000a
\u000aALTER TABLE VISIT_REPORT_DEALER ADD CONSTRAINT FK_VISIT_REPORT_DEALER_DEALERSHIP \u000a\u0009FOREIGN KEY (DEALERSHIP_ID) REFERENCES DEALERSHIP (ID)\u000a
\u000aALTER TABLE VISIT_REPORT_DOCUMENT ADD CONSTRAINT FK_VISIT_REPORT_DOCUMENT_VISIT_REPORT \u000a\u0009FOREIGN KEY (VISIT_REPORT_ID) REFERENCES VISIT_REPORT (ID)\u000a
\u000aALTER TABLE VISIT_REPORT_INVITEE ADD CONSTRAINT FK_VISIT_REPORT_INVITEE_VISIT_REPORT \u000a\u0009FOREIGN KEY (VISIT_REPORT_ID) REFERENCES VISIT_REPORT (ID)\u000a
\u000aALTER TABLE VISIT_REPORT_OBSERVATION ADD CONSTRAINT FK_VISIT_REPORT_OBSERVATION_VISIT_REPORT \u000a\u0009FOREIGN KEY (VISIT_REPORT_ID) REFERENCES VISIT_REPORT (ID)\u000a
\u000aALTER TABLE VISIT_REPORT_STANDARD_TOPIC ADD CONSTRAINT FK_VISIT_REPORT_STANDARD_TOPIC_STANDARD_TOPIC \u000a\u0009FOREIGN KEY (STANDARD_TOPIC_ID) REFERENCES STANDARD_TOPIC (ID)\u000a
\u000aALTER TABLE VISIT_REPORT_STANDARD_TOPIC ADD CONSTRAINT FK_VISIT_REPORT_STANDARD_TOPIC_VISIT_REPORT \u000a\u0009FOREIGN KEY (VISIT_REPORT_ID) REFERENCES VISIT_REPORT (ID)\u000a
\u000aALTER TABLE VISIT_REPORT_VERSIONS ADD CONSTRAINT FK_VISIT_REPORT_MASTER_VISIT_REPORT \u000a\u0009FOREIGN KEY (VISIT_REPORT_ID) REFERENCES VISIT_REPORT (ID)\u000a
\u000aDROP TABLE IF EXISTS DOCUMENT_CONTEXT\u000a
\u000aDROP TABLE IF EXISTS DOCUMENT\u000a
\u000aCREATE TABLE DOCUMENT_CONTEXT\u000a(\u000a\u0009ID BIGINT GENERATED BY DEFAULT AS IDENTITY NOT NULL,\u000a\u0009DISPLAY_TEXT VARCHAR(200),\u000a\u0009CREATED_BY VARCHAR(50) NOT NULL,\u000a\u0009CREATED_DATE DATETIME NOT NULL,\u000a\u0009MODIFIED_BY VARCHAR(50),\u000a\u0009MODIFIED_DATE DATETIME,\u000a\u0009PRIMARY KEY (ID)\u000a) \u000a
\u000aCREATE TABLE DOCUMENT\u000a(\u000a\u0009DOCUMENT_ID BIGINT NOT NULL,\u000a\u0009DOCUMENT_OBJECT VARBINARY(5000000) NOT NULL,\u000a\u0009PRIMARY KEY (DOCUMENT_ID)\u000a) \u000a
\u000aALTER TABLE DOCUMENT ADD CONSTRAINT FK_DOCUMENT_DOCUMENT_CONTEXT \u000a\u0009FOREIGN KEY (DOCUMENT_ID) REFERENCES DOCUMENT_CONTEXT (ID)\u000a
\u000aDROP TABLE IF EXISTS GENERIC_ACCESS_GRANT\u000a
\u000aCREATE TABLE GENERIC_ACCESS_GRANT\u000a(\u000a\u0009ID BIGINT GENERATED BY DEFAULT AS IDENTITY NOT NULL,\u000a\u0009USER_ID VARCHAR(50) NOT NULL,\u000a\u0009ENTITY_CLASS_NAME VARCHAR(100) NOT NULL,\u000a\u0009ENTITY_ID BIGINT NOT NULL,\u000a\u0009FUNCTION INTEGER NOT NULL,\u000a\u0009DATE_ACCESS_GRANTED_FROM DATE,\u000a\u0009DATE_ACCESS_GRANTED_UPTO DATE,\u000a\u0009CREATED_BY VARCHAR(50) NOT NULL,\u000a\u0009CREATED_DATE DATETIME NOT NULL,\u000a\u0009MODIFIED_BY VARCHAR(50),\u000a\u0009MODIFIED_DATE DATETIME,\u000a\u0009PRIMARY KEY (ID)\u000a) \u000a
\u000aDROP TABLE IF EXISTS TASKEXECUTION\u000a
\u000aDROP TABLE IF EXISTS AUDIT_RECORD\u000a
\u000aDROP TABLE IF EXISTS AUDIT_RECORD_DEALERSHIPS\u000a
\u000aCREATE TABLE TASKEXECUTION\u000a(\u000a\u0009TASKNAME VARCHAR(255) NOT NULL,\u000a\u0009TIME VARCHAR(255) NOT NULL,\u000a\u0009PRIMARY KEY (TASKNAME, TIME)\u000a)\u000a
\u000aCREATE TABLE AUDIT_RECORD\u000a(\u000a\u0009ID BIGINT GENERATED BY DEFAULT AS IDENTITY NOT NULL,\u000a\u0009ENTITY_CLASS VARCHAR(250) NOT NULL,\u000a\u0009ENTITY_ID VARCHAR(50) NOT NULL,\u000a\u0009EVENT_TYPE INTEGER NOT NULL,\u000a\u0009PROPERTY_NAME VARCHAR(50),\u000a\u0009USER_ID VARCHAR(50) NOT NULL,\u000a\u0009EVENT_TIMESTAMP DATETIME NOT NULL,\u000a\u0009PRIMARY KEY (ID)\u000a)\u000a
\u000aCREATE TABLE AUDIT_RECORD_DEALERSHIPS\u000a(\u000a\u0009AUDIT_RECORD_ID BIGINT NOT NULL,\u000a\u0009DEALERSHIP_ID INTEGER NOT NULL,\u000a\u0009PRIMARY KEY (AUDIT_RECORD_ID, DEALERSHIP_ID)\u000a)\u000a
/*C2*/SET SCHEMA PUBLIC
CONNECT USER SA
DISCONNECT
/*C3*/SET SCHEMA PUBLIC
CONNECT USER SA
DISCONNECT
